<?xml version="1.0" encoding="UTF-8"?>
<testsuite name="com.example.tetoris.domain.rules.SrsRotationSystemTest" tests="1" skipped="0" failures="0" errors="0" timestamp="2025-09-05T05:47:24.573Z" hostname="arigatatsuyanoMacBook-Air.local" time="0.024">
  <properties/>
  <testcase name="SRS: Tミノ R0→R90 のkick候補には (0,0) を含み、空ではない" classname="com.example.tetoris.domain.rules.SrsRotationSystemTest" time="0.024"/>
  <system-out><![CDATA[]]></system-out>
  <system-err><![CDATA[]]></system-err>
</testsuite>
