<?xml version="1.0" encoding="UTF-8"?>
<testsuite name="com.example.tetoris.domain.model.GameStateTest" tests="4" skipped="0" failures="0" errors="0" timestamp="2025-09-05T05:47:24.462Z" hostname="arigatatsuyanoMacBook-Air.local" time="0.027">
  <properties/>
  <testcase name="softDrop: 下が空ならピースが1マス下へ移動する" classname="com.example.tetoris.domain.model.GameStateTest" time="0.009"/>
  <testcase name="moveRight: 右が空ならピースが1マス右へ移動する" classname="com.example.tetoris.domain.model.GameStateTest" time="0.002"/>
  <testcase name="hardDrop: 接地まで一気に落下する（空盤面で底まで）" classname="com.example.tetoris.domain.model.GameStateTest" time="0.003"/>
  <testcase name="moveLeft: 左が空ならピースが1マス左へ移動する" classname="com.example.tetoris.domain.model.GameStateTest" time="0.002"/>
  <system-out><![CDATA[]]></system-out>
  <system-err><![CDATA[]]></system-err>
</testsuite>
