<?xml version="1.0" encoding="UTF-8"?>
<testsuite name="com.example.tetoris.domain.model.BoardPlaceAndClearTest" tests="1" skipped="0" failures="0" errors="0" timestamp="2025-09-05T05:47:23.860Z" hostname="arigatatsuyanoMacBook-Air.local" time="0.418">
  <properties/>
  <testcase name="1行未完成の下段に4セルを追加するとSINGLEが発生する（予定）" classname="com.example.tetoris.domain.model.BoardPlaceAndClearTest" time="0.418"/>
  <system-out><![CDATA[]]></system-out>
  <system-err><![CDATA[]]></system-err>
</testsuite>
