<?xml version="1.0" encoding="UTF-8"?>
<testsuite name="com.example.tetoris.domain.model.GameStateRotateTest" tests="1" skipped="0" failures="0" errors="0" timestamp="2025-09-05T05:47:24.386Z" hostname="arigatatsuyanoMacBook-Air.local" time="0.069">
  <properties/>
  <testcase name="Oピース: rotateCWしてもセルは変化しない（MVP段階）" classname="com.example.tetoris.domain.model.GameStateRotateTest" time="0.069"/>
  <system-out><![CDATA[]]></system-out>
  <system-err><![CDATA[]]></system-err>
</testsuite>
