<?xml version="1.0" encoding="UTF-8"?>
<testsuite name="com.example.tetoris.domain.random.TetrominoGeneratorTest" tests="2" skipped="0" failures="0" errors="0" timestamp="2025-09-05T05:47:24.501Z" hostname="arigatatsuyanoMacBook-Air.local" time="0.041">
  <properties/>
  <testcase name="7-bag: 先頭14個は2バッグで、各バッグで7種類が1回ずつ出現する" classname="com.example.tetoris.domain.random.TetrominoGeneratorTest" time="0.031"/>
  <testcase name="seed再現性: 同一seedなら同列、異なるseedなら高確率で異なる" classname="com.example.tetoris.domain.random.TetrominoGeneratorTest" time="0.007"/>
  <system-out><![CDATA[]]></system-out>
  <system-err><![CDATA[]]></system-err>
</testsuite>
